<?xml version="1.0" encoding="utf-8"?><testsuites name="pytest tests"><testsuite name="pytest" errors="0" failures="6" skipped="0" tests="16" time="1.180" timestamp="2026-01-26T09:14:02.821525+00:00" hostname="agent-env-9998090d-ee50-4cb0-9848-ba4b77d71c3d"><testcase classname="tests.test_media_api.TestMediaLibraryAPI" name="test_get_media_stats_public" time="0.095" /><testcase classname="tests.test_media_api.TestMediaLibraryAPI" name="test_get_media_files_public" time="0.093" /><testcase classname="tests.test_media_api.TestMediaLibraryAPI" name="test_get_media_files_with_filter" time="0.089" /><testcase classname="tests.test_media_api.TestMediaLibraryAPI" name="test_get_media_files_with_pagination" time="0.090" /><testcase classname="tests.test_media_api.TestMediaLibraryAPI" name="test_upload_image_file" time="0.049"><failure message="AssertionError: Expected 200, got 422: {&quot;detail&quot;:[{&quot;type&quot;:&quot;missing&quot;,&quot;loc&quot;:[&quot;body&quot;,&quot;file&quot;],&quot;msg&quot;:&quot;Field required&quot;,&quot;input&quot;:null,&quot;url&quot;:&quot;https://errors.pydantic.dev/2.12/v/missing&quot;}]}&#10;assert 422 == 200&#10; +  where 422 = &lt;Response [422]&gt;.status_code">tests/test_media_api.py:132: in test_upload_image_file
    assert response.status_code == 200, f"Expected 200, got {response.status_code}: {response.text}"
E   AssertionError: Expected 200, got 422: {"detail":[{"type":"missing","loc":["body","file"],"msg":"Field required","input":null,"url":"https://errors.pydantic.dev/2.12/v/missing"}]}
E   assert 422 == 200
E    +  where 422 = &lt;Response [422]&gt;.status_code</failure></testcase><testcase classname="tests.test_media_api.TestMediaLibraryAPI" name="test_upload_without_auth_fails" time="0.044" /><testcase classname="tests.test_media_api.TestMediaLibraryAPI" name="test_upload_invalid_file_type" time="0.086"><failure message="AssertionError: Expected 400, got 422: {&quot;detail&quot;:[{&quot;type&quot;:&quot;missing&quot;,&quot;loc&quot;:[&quot;body&quot;,&quot;file&quot;],&quot;msg&quot;:&quot;Field required&quot;,&quot;input&quot;:null,&quot;url&quot;:&quot;https://errors.pydantic.dev/2.12/v/missing&quot;}]}&#10;assert 422 == 400&#10; +  where 422 = &lt;Response [422]&gt;.status_code">tests/test_media_api.py:179: in test_upload_invalid_file_type
    assert response.status_code == 400, f"Expected 400, got {response.status_code}: {response.text}"
E   AssertionError: Expected 400, got 422: {"detail":[{"type":"missing","loc":["body","file"],"msg":"Field required","input":null,"url":"https://errors.pydantic.dev/2.12/v/missing"}]}
E   assert 422 == 400
E    +  where 422 = &lt;Response [422]&gt;.status_code</failure></testcase><testcase classname="tests.test_media_api.TestMediaLibraryAPI" name="test_get_single_file" time="0.040"><failure message="assert 422 == 200&#10; +  where 422 = &lt;Response [422]&gt;.status_code">tests/test_media_api.py:204: in test_get_single_file
    assert upload_response.status_code == 200
E   assert 422 == 200
E    +  where 422 = &lt;Response [422]&gt;.status_code</failure></testcase><testcase classname="tests.test_media_api.TestMediaLibraryAPI" name="test_get_nonexistent_file" time="0.049" /><testcase classname="tests.test_media_api.TestMediaLibraryAPI" name="test_update_file_metadata" time="0.044"><failure message="assert 422 == 200&#10; +  where 422 = &lt;Response [422]&gt;.status_code">tests/test_media_api.py:251: in test_update_file_metadata
    assert upload_response.status_code == 200
E   assert 422 == 200
E    +  where 422 = &lt;Response [422]&gt;.status_code</failure></testcase><testcase classname="tests.test_media_api.TestMediaLibraryAPI" name="test_update_without_auth_fails" time="0.042" /><testcase classname="tests.test_media_api.TestMediaLibraryAPI" name="test_delete_file" time="0.039"><failure message="assert 422 == 200&#10; +  where 422 = &lt;Response [422]&gt;.status_code">tests/test_media_api.py:311: in test_delete_file
    assert upload_response.status_code == 200
E   assert 422 == 200
E    +  where 422 = &lt;Response [422]&gt;.status_code</failure></testcase><testcase classname="tests.test_media_api.TestMediaLibraryAPI" name="test_delete_without_auth_fails" time="0.044" /><testcase classname="tests.test_media_api.TestMediaLibraryAPI" name="test_delete_nonexistent_file" time="0.042" /><testcase classname="tests.test_media_api.TestMediaLibraryAPI" name="test_full_crud_flow" time="0.042"><failure message="AssertionError: CREATE failed: {&quot;detail&quot;:[{&quot;type&quot;:&quot;missing&quot;,&quot;loc&quot;:[&quot;body&quot;,&quot;file&quot;],&quot;msg&quot;:&quot;Field required&quot;,&quot;input&quot;:null,&quot;url&quot;:&quot;https://errors.pydantic.dev/2.12/v/missing&quot;}]}&#10;assert 422 == 200&#10; +  where 422 = &lt;Response [422]&gt;.status_code">tests/test_media_api.py:378: in test_full_crud_flow
    assert create_response.status_code == 200, f"CREATE failed: {create_response.text}"
E   AssertionError: CREATE failed: {"detail":[{"type":"missing","loc":["body","file"],"msg":"Field required","input":null,"url":"https://errors.pydantic.dev/2.12/v/missing"}]}
E   assert 422 == 200
E    +  where 422 = &lt;Response [422]&gt;.status_code</failure></testcase><testcase classname="tests.test_media_api.TestMediaStatsIntegration" name="test_stats_update_after_upload" time="0.117" /></testsuite></testsuites>